<?xml version='1.0'?>
<ns2:test-suite xmlns:ns2='urn:model.allure.qatools.yandex.ru' start='1531402585424' stop='1531402587589'>
    <name>Performing a Yahoo Search Performing a search operation</name>
    <title>Performing a Yahoo Search Performing a search operation</title>
    <test-cases>
        <test-case start='1531402585428' status='failed' stop='1531402587582'>
            <name>I am on the search page</name>
            <title>I am on the search page</title>
            <labels>
                <label name='feature' value='Performing a Yahoo Search'/>
                <label name='story' value='Performing a search operation'/>
                <label name='language' value='javascript'/>
                <label name='framework' value='wdio'/>
            </labels>
            <parameters>
                <parameter kind='argument' name='browser' value='chrome'/>
                <parameter kind='environment-variable' name='capabilities' value='{"browserName":"chrome","maxInstances":"5"}'/>
                <parameter kind='environment-variable' name='spec files' value='["/Users/w.dejong/Downloads/webdriverIO-with-cucumberBDD-master/test/features/yahoo-search.feature"]'/>
            </parameters>
            <steps>
                <step start='1531402585430' status='passed' stop='1531402586558'>
                    <name>POST /wd/hub/session/d016e2bb-aef2-4bdc-b5f8-01f8f6bed196/url</name>
                    <title>POST /wd/hub/session/d016e2bb-aef2-4bdc-b5f8-01f8f6bed196/url</title>
                    <attachments>
                        <attachment title='Request' source='4e20a3d9-c3f7-4c23-9b27-c468d2b0640b-attachment.json' type='application/json' size='42'/>
                        <attachment title='Response' source='46f066e5-7768-4cee-aef9-b217ee7b7079-attachment.json' type='application/json' size='196'/>
                    </attachments>
                    <steps/>
                </step>
                <step start='1531402587567' status='passed' stop='1531402587577'>
                    <name>GET /wd/hub/session/d016e2bb-aef2-4bdc-b5f8-01f8f6bed196/title</name>
                    <title>GET /wd/hub/session/d016e2bb-aef2-4bdc-b5f8-01f8f6bed196/title</title>
                    <attachments>
                        <attachment title='Response' source='097b2715-95d1-40e6-a4c9-ed4e5f1133ac-attachment.json' type='application/json' size='219'/>
                    </attachments>
                    <steps/>
                </step>
            </steps>
            <attachments/>
            <failure>
                <message>expected 'Yahoo is now part of Oath' to equal 'Yahoo Search - Web Search'</message>
                <stack-trace>AssertionError: expected 'Yahoo is now part of Oath' to equal 'Yahoo Search - Web Search'
                    at World.&lt;anonymous> (/Users/w.dejong/Downloads/webdriverIO-with-cucumberBDD-master/test/stepDefinitions/given.js:11:31)
                    at new Promise (&lt;anonymous>)
                    at new F (/Users/w.dejong/Downloads/webdriverIO-with-cucumberBDD-master/node_modules/core-js/library/modules/_export.js:36:28)</stack-trace>
            </failure>
        </test-case>
        <test-case start='1531402587583' status='pending' stop='1531402587584'>
            <name>I enter "Selenium Webdriver" into the search box</name>
            <title>I enter "Selenium Webdriver" into the search box</title>
            <labels>
                <label name='feature' value='Performing a Yahoo Search'/>
                <label name='story' value='Performing a search operation'/>
                <label name='language' value='javascript'/>
                <label name='framework' value='wdio'/>
            </labels>
            <parameters>
                <parameter kind='argument' name='browser' value='chrome'/>
                <parameter kind='environment-variable' name='capabilities' value='{"browserName":"chrome","maxInstances":"5"}'/>
                <parameter kind='environment-variable' name='spec files' value='["/Users/w.dejong/Downloads/webdriverIO-with-cucumberBDD-master/test/features/yahoo-search.feature"]'/>
            </parameters>
            <steps/>
            <attachments/>
        </test-case>
        <test-case start='1531402587585' status='pending' stop='1531402587586'>
            <name>I click the search button</name>
            <title>I click the search button</title>
            <labels>
                <label name='feature' value='Performing a Yahoo Search'/>
                <label name='story' value='Performing a search operation'/>
                <label name='language' value='javascript'/>
                <label name='framework' value='wdio'/>
            </labels>
            <parameters>
                <parameter kind='argument' name='browser' value='chrome'/>
                <parameter kind='environment-variable' name='capabilities' value='{"browserName":"chrome","maxInstances":"5"}'/>
                <parameter kind='environment-variable' name='spec files' value='["/Users/w.dejong/Downloads/webdriverIO-with-cucumberBDD-master/test/features/yahoo-search.feature"]'/>
            </parameters>
            <steps/>
            <attachments/>
        </test-case>
        <test-case start='1531402587587' status='pending' stop='1531402587587'>
            <name>I should see a list of search results</name>
            <title>I should see a list of search results</title>
            <labels>
                <label name='feature' value='Performing a Yahoo Search'/>
                <label name='story' value='Performing a search operation'/>
                <label name='language' value='javascript'/>
                <label name='framework' value='wdio'/>
            </labels>
            <parameters>
                <parameter kind='argument' name='browser' value='chrome'/>
                <parameter kind='environment-variable' name='capabilities' value='{"browserName":"chrome","maxInstances":"5"}'/>
                <parameter kind='environment-variable' name='spec files' value='["/Users/w.dejong/Downloads/webdriverIO-with-cucumberBDD-master/test/features/yahoo-search.feature"]'/>
            </parameters>
            <steps/>
            <attachments/>
        </test-case>
    </test-cases>
</ns2:test-suite>